<?xml version="1.0" encoding="UTF-8"?>
<!-- Generated by org.testng.reporters.JUnitXMLReporter -->
<testsuite ignored="0" hostname="ABHAGAR-LW13115" failures="0" tests="2" name="Surefire test" time="24.45" errors="0" timestamp="2024-07-20T14:19:30 IST">
  <testcase classname="io.cucumber.testng.AbstractTestNGCucumberTests" name="runScenario" time="8.889"/>
  <testcase classname="io.cucumber.testng.AbstractTestNGCucumberTests" name="runScenario" time="15.037"/>
</testsuite> <!-- Surefire test -->
