<?xml version="1.0" encoding="UTF-8"?>
<!-- Generated by org.testng.reporters.JUnitXMLReporter -->
<testsuite ignored="0" hostname="ABHAGAR-LW13115" failures="0" tests="2" name="Error Validation Test" time="22.339" errors="0" timestamp="2024-07-15T13:21:41 IST">
  <testcase classname="testSelenium.tests.ErrorValidationsTest" name="LoginErrorValidation" time="0.376"/>
  <testcase classname="testSelenium.tests.ErrorValidationsTest" name="ProductErrorValidation" time="8.286"/>
</testsuite> <!-- Error Validation Test -->
